Sun Jan 17 12:55:02 BRST 2016
Version:  AGG 2.1

Layered graph transformation of : AD2DTMC
on graph : Graph
[  ControlNodeDecisionChain  ControlNodeMergeChain  ClearUselessMerge  ClearUselessDecision  Error  Final  Initial  Intial2Final  AN2Merge2AN  AN2Merge2AppAN  AN2AppAN  AN2Decision2AN  AN2Exec  AN2Decision2AppAN  ClearFinal  UntieMergeNodes  UntieDecisionNodes  ClearActivityNodes  ClearNilTransitions  ]

Layer: 0
[  ControlNodeMergeChain  ControlNodeDecisionChain  ClearUselessDecision  ClearUselessMerge  ]
ClearUselessDecision 	 applied:  false

[  ControlNodeMergeChain  ControlNodeDecisionChain  ClearUselessMerge  ]
ClearUselessMerge 	 applied:  false

[  ControlNodeMergeChain  ControlNodeDecisionChain  ]
ControlNodeDecisionChain 	 applied:  false

[  ControlNodeMergeChain  ]
ControlNodeMergeChain 	 applied:  false

[  ]
used time: 1ms

Layer: 1
[  Final  Error  Initial  ]
Final 	 applied:  true
[  Final  Error  Initial  ]
Error 	 applied:  true
[  Final  Error  Initial  ]
Initial 	 applied:  true
[  Final  Error  Initial  ]
Final 	 applied:  false
NAC  "AlreadyApplied"  is violated!
[  Error  Initial  ]
Error 	 applied:  false
NAC  "AlreadyExists"  is violated!
[  Initial  ]
Initial 	 applied:  false
NAC  "AlreadyApplied"  is violated!
[  ]
used time: 12ms

Layer: 2
[  Intial2Final  ]
Intial2Final 	 applied:  false

[  ]
used time: 1ms

Layer: 3
[  AN2AppAN  AN2Decision2AN  AN2Decision2AppAN  AN2Merge2AppAN  AN2Exec  AN2Merge2AN  ]
AN2AppAN 	 applied:  false

[  AN2Decision2AN  AN2Decision2AppAN  AN2Merge2AppAN  AN2Exec  AN2Merge2AN  ]
AN2Merge2AppAN 	 applied:  false

[  AN2Decision2AN  AN2Decision2AppAN  AN2Exec  AN2Merge2AN  ]
AN2Exec 	 applied:  true
[  AN2AppAN  AN2Decision2AN  AN2Decision2AppAN  AN2Merge2AppAN  AN2Exec  AN2Merge2AN  ]
AN2AppAN 	 applied:  true
[  AN2AppAN  AN2Decision2AN  AN2Decision2AppAN  AN2Merge2AppAN  AN2Exec  AN2Merge2AN  ]
AN2Merge2AN 	 applied:  false

[  AN2AppAN  AN2Decision2AN  AN2Decision2AppAN  AN2Merge2AppAN  AN2Exec  ]
AN2AppAN 	 applied:  false

[  AN2Decision2AN  AN2Decision2AppAN  AN2Merge2AppAN  AN2Exec  ]
AN2Decision2AN 	 applied:  false

[  AN2Decision2AppAN  AN2Merge2AppAN  AN2Exec  ]
AN2Exec 	 applied:  false

[  AN2Decision2AppAN  AN2Merge2AppAN  ]
AN2Decision2AppAN 	 applied:  false

[  AN2Merge2AppAN  ]
AN2Merge2AppAN 	 applied:  false

[  ]
used time: 52ms

Layer: 4
[  ClearFinal  UntieDecisionNodes  UntieMergeNodes  ]
UntieDecisionNodes 	 applied:  false

[  ClearFinal  UntieMergeNodes  ]
ClearFinal 	 applied:  true
[  ClearFinal  UntieDecisionNodes  UntieMergeNodes  ]
UntieDecisionNodes 	 applied:  false

[  ClearFinal  UntieMergeNodes  ]
ClearFinal 	 applied:  false

[  UntieMergeNodes  ]
UntieMergeNodes 	 applied:  false

[  ]
used time: 3ms

Layer: 5
[  ClearNilTransitions  ClearActivityNodes  ]
ClearActivityNodes 	 applied:  false

[  ClearNilTransitions  ]
ClearNilTransitions 	 applied:  false
Attributes don't match.
[  ]
used time: 2ms

No more layers.
Graph transformation finished
